<?xml version="1.0" encoding="UTF-8"?>
<!-- Generated by org.testng.reporters.JUnitReportReporter -->
<testsuite hostname="BigLenovo" failures="0" tests="1" name="TestCases.FacebookLogin" time="3.277" errors="0" timestamp="2023-02-22T01:40:35 EST" skipped="0">
  <testcase classname="TestCases.FacebookLogin" name="loginTest" time="3.277"/>
  <system-out/>
</testsuite> <!-- TestCases.FacebookLogin -->
